<?xml version="1.0" encoding="UTF-8"?>
<!-- Generated by org.testng.reporters.JUnitReportReporter -->
<testsuite hostname="MacBook-Pro-tilhrende-Frederik-2.local" failures="0" tests="5" name="main.GameTest" time="0.312" errors="0" timestamp="2022-11-18T18:39:52 CET" skipped="0">
  <testcase classname="main.GameTest" name="snakeCanGrowTest" time="0.070"/>
  <system-out/>
  <testcase classname="main.GameTest" name="snakeOutOfBoundsTest" time="0.031"/>
  <system-out/>
  <testcase classname="main.GameTest" name="snakeCanDieTest" time="0.070"/>
  <system-out/>
  <testcase classname="main.GameTest" name="snakeFoodCollisionTest" time="0.070"/>
  <system-out/>
  <testcase classname="main.GameTest" name="snakeMovesTest" time="0.071"/>
  <system-out/>
</testsuite> <!-- main.GameTest -->
