<?xml version="1.0" encoding="UTF-8"?>
<testsuite xmlns:xsi="http://www.w3.org/2001/XMLSchema-instance" xsi:noNamespaceSchemaLocation="https://maven.apache.org/surefire/maven-surefire-plugin/xsd/surefire-test-report.xsd" name="main.GameTest" time="0.537" tests="5" errors="0" skipped="0" failures="0">
  <properties>
    <property name="java.specification.version" value="18"/>
    <property name="sun.jnu.encoding" value="UTF-8"/>
    <property name="java.class.path" value="/Users/frederikdahl/Soft dev/2 semester/Test/Handins/test_handin4/Snakegame/target/test-classes:/Users/frederikdahl/Soft dev/2 semester/Test/Handins/test_handin4/Snakegame/target/classes:/Users/frederikdahl/.m2/repository/org/junit/jupiter/junit-jupiter/5.9.1/junit-jupiter-5.9.1.jar:/Users/frederikdahl/.m2/repository/org/junit/jupiter/junit-jupiter-api/5.9.1/junit-jupiter-api-5.9.1.jar:/Users/frederikdahl/.m2/repository/org/opentest4j/opentest4j/1.2.0/opentest4j-1.2.0.jar:/Users/frederikdahl/.m2/repository/org/junit/platform/junit-platform-commons/1.9.1/junit-platform-commons-1.9.1.jar:/Users/frederikdahl/.m2/repository/org/apiguardian/apiguardian-api/1.1.2/apiguardian-api-1.1.2.jar:/Users/frederikdahl/.m2/repository/org/junit/jupiter/junit-jupiter-params/5.9.1/junit-jupiter-params-5.9.1.jar:/Users/frederikdahl/.m2/repository/org/junit/jupiter/junit-jupiter-engine/5.9.1/junit-jupiter-engine-5.9.1.jar:/Users/frederikdahl/.m2/repository/org/junit/platform/junit-platform-engine/1.9.1/junit-platform-engine-1.9.1.jar:/Users/frederikdahl/.m2/repository/org/testng/testng/7.6.1/testng-7.6.1.jar:/Users/frederikdahl/.m2/repository/com/google/code/findbugs/jsr305/3.0.2/jsr305-3.0.2.jar:/Users/frederikdahl/.m2/repository/org/slf4j/slf4j-api/1.7.36/slf4j-api-1.7.36.jar:/Users/frederikdahl/.m2/repository/com/beust/jcommander/1.82/jcommander-1.82.jar:/Users/frederikdahl/.m2/repository/org/webjars/jquery/3.6.0/jquery-3.6.0.jar:/Users/frederikdahl/.m2/repository/junit/junit/4.12/junit-4.12.jar:/Users/frederikdahl/.m2/repository/org/hamcrest/hamcrest-core/1.3/hamcrest-core-1.3.jar:/Users/frederikdahl/.m2/repository/org/openjfx/javafx-graphics/12.0.1/javafx-graphics-12.0.1.jar:/Users/frederikdahl/.m2/repository/org/openjfx/javafx-graphics/12.0.1/javafx-graphics-12.0.1-mac.jar:/Users/frederikdahl/.m2/repository/org/openjfx/javafx-base/12.0.1/javafx-base-12.0.1.jar:/Users/frederikdahl/.m2/repository/org/openjfx/javafx-base/12.0.1/javafx-base-12.0.1-mac.jar:/Users/frederikdahl/.m2/repository/com/github/almasb/fxgl/0.4.1/fxgl-0.4.1.jar:/Users/frederikdahl/.m2/repository/org/jetbrains/kotlin/kotlin-stdlib/1.2.10/kotlin-stdlib-1.2.10.jar:/Users/frederikdahl/.m2/repository/org/jetbrains/annotations/13.0/annotations-13.0.jar:/Users/frederikdahl/.m2/repository/org/jetbrains/kotlinx/kotlinx-coroutines-core/0.20/kotlinx-coroutines-core-0.20.jar:/Users/frederikdahl/.m2/repository/org/jfxtras/jfxtras-window/8.0-r5/jfxtras-window-8.0-r5.jar:/Users/frederikdahl/.m2/repository/org/jfxtras/jfxtras-common/8.0-r5/jfxtras-common-8.0-r5.jar:/Users/frederikdahl/.m2/repository/com/fasterxml/jackson/core/jackson-databind/2.9.0/jackson-databind-2.9.0.jar:/Users/frederikdahl/.m2/repository/com/fasterxml/jackson/core/jackson-annotations/2.9.0/jackson-annotations-2.9.0.jar:/Users/frederikdahl/.m2/repository/com/fasterxml/jackson/core/jackson-core/2.9.0/jackson-core-2.9.0.jar:/Users/frederikdahl/.m2/repository/com/fasterxml/jackson/module/jackson-module-kotlin/2.9.0/jackson-module-kotlin-2.9.0.jar:/Users/frederikdahl/.m2/repository/org/jetbrains/kotlin/kotlin-reflect/1.1.3/kotlin-reflect-1.1.3.jar:/Users/frederikdahl/.m2/repository/org/apache/httpcomponents/httpclient/4.5.3/httpclient-4.5.3.jar:/Users/frederikdahl/.m2/repository/org/apache/httpcomponents/httpcore/4.4.6/httpcore-4.4.6.jar:/Users/frederikdahl/.m2/repository/commons-logging/commons-logging/1.2/commons-logging-1.2.jar:/Users/frederikdahl/.m2/repository/commons-codec/commons-codec/1.9/commons-codec-1.9.jar:/Users/frederikdahl/.m2/repository/io/github/lukehutch/fast-classpath-scanner/2.4.5/fast-classpath-scanner-2.4.5.jar:/Users/frederikdahl/.m2/repository/org/openjfx/javafx-controls/19/javafx-controls-19.jar:/Users/frederikdahl/.m2/repository/org/openjfx/javafx-controls/19/javafx-controls-19-mac.jar:/Users/frederikdahl/.m2/repository/org/apache/maven/surefire/surefire-testng-utils/2.21.0/surefire-testng-utils-2.21.0.jar:/Users/frederikdahl/.m2/repository/org/apache/maven/surefire/surefire-grouper/2.21.0/surefire-grouper-2.21.0.jar:"/>
    <property name="java.vm.vendor" value="Oracle Corporation"/>
    <property name="sun.arch.data.model" value="64"/>
    <property name="java.vendor.url" value="https://java.oracle.com/"/>
    <property name="os.name" value="Mac OS X"/>
    <property name="java.vm.specification.version" value="18"/>
    <property name="sun.java.launcher" value="SUN_STANDARD"/>
    <property name="user.country" value="DK"/>
    <property name="sun.boot.library.path" value="/Users/frederikdahl/Library/Java/JavaVirtualMachines/openjdk-18.0.2.1/Contents/Home/lib"/>
    <property name="sun.java.command" value="/Users/frederikdahl/Soft dev/2 semester/Test/Handins/test_handin4/Snakegame/target/surefire/surefirebooter404108379540290954.jar /Users/frederikdahl/Soft dev/2 semester/Test/Handins/test_handin4/Snakegame/target/surefire 2022-11-18T18-39-51_618-jvmRun1 surefire1638823706008724482tmp surefire_014462862799663774843tmp"/>
    <property name="http.nonProxyHosts" value="local|*.local|169.254/16|*.169.254/16"/>
    <property name="jdk.debug" value="release"/>
    <property name="surefire.test.class.path" value="/Users/frederikdahl/Soft dev/2 semester/Test/Handins/test_handin4/Snakegame/target/test-classes:/Users/frederikdahl/Soft dev/2 semester/Test/Handins/test_handin4/Snakegame/target/classes:/Users/frederikdahl/.m2/repository/org/junit/jupiter/junit-jupiter/5.9.1/junit-jupiter-5.9.1.jar:/Users/frederikdahl/.m2/repository/org/junit/jupiter/junit-jupiter-api/5.9.1/junit-jupiter-api-5.9.1.jar:/Users/frederikdahl/.m2/repository/org/opentest4j/opentest4j/1.2.0/opentest4j-1.2.0.jar:/Users/frederikdahl/.m2/repository/org/junit/platform/junit-platform-commons/1.9.1/junit-platform-commons-1.9.1.jar:/Users/frederikdahl/.m2/repository/org/apiguardian/apiguardian-api/1.1.2/apiguardian-api-1.1.2.jar:/Users/frederikdahl/.m2/repository/org/junit/jupiter/junit-jupiter-params/5.9.1/junit-jupiter-params-5.9.1.jar:/Users/frederikdahl/.m2/repository/org/junit/jupiter/junit-jupiter-engine/5.9.1/junit-jupiter-engine-5.9.1.jar:/Users/frederikdahl/.m2/repository/org/junit/platform/junit-platform-engine/1.9.1/junit-platform-engine-1.9.1.jar:/Users/frederikdahl/.m2/repository/org/testng/testng/7.6.1/testng-7.6.1.jar:/Users/frederikdahl/.m2/repository/com/google/code/findbugs/jsr305/3.0.2/jsr305-3.0.2.jar:/Users/frederikdahl/.m2/repository/org/slf4j/slf4j-api/1.7.36/slf4j-api-1.7.36.jar:/Users/frederikdahl/.m2/repository/com/beust/jcommander/1.82/jcommander-1.82.jar:/Users/frederikdahl/.m2/repository/org/webjars/jquery/3.6.0/jquery-3.6.0.jar:/Users/frederikdahl/.m2/repository/junit/junit/4.12/junit-4.12.jar:/Users/frederikdahl/.m2/repository/org/hamcrest/hamcrest-core/1.3/hamcrest-core-1.3.jar:/Users/frederikdahl/.m2/repository/org/openjfx/javafx-graphics/12.0.1/javafx-graphics-12.0.1.jar:/Users/frederikdahl/.m2/repository/org/openjfx/javafx-graphics/12.0.1/javafx-graphics-12.0.1-mac.jar:/Users/frederikdahl/.m2/repository/org/openjfx/javafx-base/12.0.1/javafx-base-12.0.1.jar:/Users/frederikdahl/.m2/repository/org/openjfx/javafx-base/12.0.1/javafx-base-12.0.1-mac.jar:/Users/frederikdahl/.m2/repository/com/github/almasb/fxgl/0.4.1/fxgl-0.4.1.jar:/Users/frederikdahl/.m2/repository/org/jetbrains/kotlin/kotlin-stdlib/1.2.10/kotlin-stdlib-1.2.10.jar:/Users/frederikdahl/.m2/repository/org/jetbrains/annotations/13.0/annotations-13.0.jar:/Users/frederikdahl/.m2/repository/org/jetbrains/kotlinx/kotlinx-coroutines-core/0.20/kotlinx-coroutines-core-0.20.jar:/Users/frederikdahl/.m2/repository/org/jfxtras/jfxtras-window/8.0-r5/jfxtras-window-8.0-r5.jar:/Users/frederikdahl/.m2/repository/org/jfxtras/jfxtras-common/8.0-r5/jfxtras-common-8.0-r5.jar:/Users/frederikdahl/.m2/repository/com/fasterxml/jackson/core/jackson-databind/2.9.0/jackson-databind-2.9.0.jar:/Users/frederikdahl/.m2/repository/com/fasterxml/jackson/core/jackson-annotations/2.9.0/jackson-annotations-2.9.0.jar:/Users/frederikdahl/.m2/repository/com/fasterxml/jackson/core/jackson-core/2.9.0/jackson-core-2.9.0.jar:/Users/frederikdahl/.m2/repository/com/fasterxml/jackson/module/jackson-module-kotlin/2.9.0/jackson-module-kotlin-2.9.0.jar:/Users/frederikdahl/.m2/repository/org/jetbrains/kotlin/kotlin-reflect/1.1.3/kotlin-reflect-1.1.3.jar:/Users/frederikdahl/.m2/repository/org/apache/httpcomponents/httpclient/4.5.3/httpclient-4.5.3.jar:/Users/frederikdahl/.m2/repository/org/apache/httpcomponents/httpcore/4.4.6/httpcore-4.4.6.jar:/Users/frederikdahl/.m2/repository/commons-logging/commons-logging/1.2/commons-logging-1.2.jar:/Users/frederikdahl/.m2/repository/commons-codec/commons-codec/1.9/commons-codec-1.9.jar:/Users/frederikdahl/.m2/repository/io/github/lukehutch/fast-classpath-scanner/2.4.5/fast-classpath-scanner-2.4.5.jar:/Users/frederikdahl/.m2/repository/org/openjfx/javafx-controls/19/javafx-controls-19.jar:/Users/frederikdahl/.m2/repository/org/openjfx/javafx-controls/19/javafx-controls-19-mac.jar:/Users/frederikdahl/.m2/repository/org/apache/maven/surefire/surefire-testng-utils/2.21.0/surefire-testng-utils-2.21.0.jar:/Users/frederikdahl/.m2/repository/org/apache/maven/surefire/surefire-grouper/2.21.0/surefire-grouper-2.21.0.jar:"/>
    <property name="sun.cpu.endian" value="little"/>
    <property name="user.home" value="/Users/frederikdahl"/>
    <property name="user.language" value="da"/>
    <property name="java.specification.vendor" value="Oracle Corporation"/>
    <property name="java.version.date" value="2022-08-18"/>
    <property name="java.home" value="/Users/frederikdahl/Library/Java/JavaVirtualMachines/openjdk-18.0.2.1/Contents/Home"/>
    <property name="file.separator" value="/"/>
    <property name="basedir" value="/Users/frederikdahl/Soft dev/2 semester/Test/Handins/test_handin4/Snakegame"/>
    <property name="java.vm.compressedOopsMode" value="Zero based"/>
    <property name="line.separator" value="&#10;"/>
    <property name="java.specification.name" value="Java Platform API Specification"/>
    <property name="java.vm.specification.vendor" value="Oracle Corporation"/>
    <property name="apple.awt.application.name" value="ForkedBooter"/>
    <property name="surefire.real.class.path" value="/Users/frederikdahl/Soft dev/2 semester/Test/Handins/test_handin4/Snakegame/target/surefire/surefirebooter404108379540290954.jar"/>
    <property name="sun.management.compiler" value="HotSpot 64-Bit Tiered Compilers"/>
    <property name="ftp.nonProxyHosts" value="local|*.local|169.254/16|*.169.254/16"/>
    <property name="java.runtime.version" value="18.0.2.1+1-1"/>
    <property name="user.name" value="frederikdahl"/>
    <property name="path.separator" value=":"/>
    <property name="os.version" value="13.0"/>
    <property name="java.runtime.name" value="OpenJDK Runtime Environment"/>
    <property name="file.encoding" value="UTF-8"/>
    <property name="java.vm.name" value="OpenJDK 64-Bit Server VM"/>
    <property name="localRepository" value="/Users/frederikdahl/.m2/repository"/>
    <property name="java.vendor.url.bug" value="https://bugreport.java.com/bugreport/"/>
    <property name="java.io.tmpdir" value="/var/folders/pn/2rl8ss7d7jvfqq1s0xgt0rd00000gn/T/"/>
    <property name="java.version" value="18.0.2.1"/>
    <property name="user.dir" value="/Users/frederikdahl/Soft dev/2 semester/Test/Handins/test_handin4/Snakegame"/>
    <property name="os.arch" value="x86_64"/>
    <property name="java.vm.specification.name" value="Java Virtual Machine Specification"/>
    <property name="native.encoding" value="UTF-8"/>
    <property name="java.library.path" value="/Users/frederikdahl/Library/Java/Extensions:/Library/Java/Extensions:/Network/Library/Java/Extensions:/System/Library/Java/Extensions:/usr/lib/java:."/>
    <property name="java.vm.info" value="mixed mode, sharing"/>
    <property name="java.vendor" value="Oracle Corporation"/>
    <property name="java.vm.version" value="18.0.2.1+1-1"/>
    <property name="sun.io.unicode.encoding" value="UnicodeBig"/>
    <property name="socksNonProxyHosts" value="local|*.local|169.254/16|*.169.254/16"/>
    <property name="java.class.version" value="62.0"/>
  </properties>
  <testcase name="snakeOutOfBoundsTest on snakeOutOfBoundsTest(main.GameTest)" classname="main.GameTest" time="0.055"/>
  <testcase name="snakeCanGrowTest on snakeCanGrowTest(main.GameTest)" classname="main.GameTest" time="0"/>
  <testcase name="snakeFoodCollisionTest on snakeFoodCollisionTest(main.GameTest)" classname="main.GameTest" time="0"/>
  <testcase name="snakeMovesTest on snakeMovesTest(main.GameTest)" classname="main.GameTest" time="0"/>
  <testcase name="snakeCanDieTest on snakeCanDieTest(main.GameTest)" classname="main.GameTest" time="0"/>
</testsuite>